---------- 
1 proc    
---------- 
--------------------------------------------------- 

Enter the size of matrices=
Time of execution= 0.000000

Enter the size of matrices=
Time of execution= 0.001000

Enter the size of matrices=
Time of execution= 0.142000

Enter the size of matrices=
Time of execution= 1.943000

Enter the size of matrices=
Time of execution= 8.064000

Enter the size of matrices=
Time of execution= 45.336000

Enter the size of matrices=
Time of execution= 112.484000

Enter the size of matrices=
Time of execution= 211.907000
