---------- 
2 proc    
---------- 
--------------------------------------------------- 
 0.000031
 0.000059
 0.003407
 0.013856
 0.030140
 0.051635
 0.088510
 0.140192
 0.169178
 0.241924
 0.286420
 0.346314
---------- 
4 proc    
---------- 
--------------------------------------------------- 
 0.000015
 0.000052
 0.003358
 0.014189
 0.029612
 0.053490
 0.082781
 0.120288
 0.155551
 0.195049
 0.243240
 0.334559
---------- 
8 proc    
---------- 
--------------------------------------------------- 
 0.000020
 0.000074
 0.003626
 0.014189
 0.032881
 0.056836
 0.083397
 0.126857
 0.174636
 0.224780
 0.282767
 0.370584
---------- 
2 proc    
---------- 
--------------------------------------------------- 
 0.000560
 0.000259
 0.004625
 0.010514
 0.022518
 0.061422
 0.062859
 0.090407
 0.122241
 0.155924
 0.198659
 0.241351
---------- 
4 proc    
---------- 
--------------------------------------------------- 
 0.001104
 0.001096
 0.004896
 0.011858
 0.025405
 0.038876
 0.062874
 0.084222
 0.109281
 0.144495
 0.184906
 0.224104
---------- 
8 proc    
---------- 
--------------------------------------------------- 
 0.001797
 0.003619
 0.007463
 0.014225
 0.025868
 0.042053
 0.060873
 0.085198
 0.113828
 0.144136
 0.179884
 0.233328
